[INFO] RELEASE INSTALLATION FAILED/TERMINATED/ABORTED
[INFO] Release Log file : [release.log]
[INFO] Release Log Directory : [/home/vishalb/local_one_drive/templates/logs]
[INFO] RELEASE INSTALLATION FAILED/TERMINATED/ABORTED
[INFO] Release Log file : [/home/vishalb/local_one_drive/templates/release.log]
[INFO] Release Log Directory : [/home/vishalb/local_one_drive/templates/logs]
[INFO] RELEASE INSTALLATION FAILED/TERMINATED/ABORTED
[INFO] Release Log file : [/home/vishalb/local_one_drive/templates/release.log]
[INFO] Release Log Directory : [/home/vishalb/local_one_drive/templates]
[INFO] RELEASE INSTALLATION FAILED/TERMINATED/ABORTED
[INFO] Release Log file : [/home/vishalb/local_one_drive/templates/release.log]
[INFO] Release Log Directory : [/home/vishalb/local_one_drive/templates]
[INFO] RELEASE INSTALLATION FAILED/TERMINATED/ABORTED
[INFO] Release Log file : [/home/vishalb/local_one_drive/templates/release.log]
[INFO] Release Log Directory : [/home/vishalb/local_one_drive/templates]
[INFO] RELEASE INSTALLATION FAILED/TERMINATED/ABORTED
[INFO] Release Log file : [/home/vishalb/local_one_drive/templates/release.log]
[INFO] Release Log Directory : [/home/vishalb/local_one_drive/templates]
[INFO] RELEASE INSTALLATION FAILED/TERMINATED/ABORTED
[INFO] Release Log file : [/home/vishalb/local_one_drive/templates/release.log]
[INFO] Release Log Directory : [/home/vishalb/local_one_drive/templates]
[INFO] RELEASE INSTALLATION FAILED/TERMINATED/ABORTED
[INFO] Release Log file : [/home/vishalb/local_one_drive/templates/release.log]
[INFO] Release Log Directory : [/home/vishalb/local_one_drive/templates]
